{"C:\\Users\\SirWe\\Repositorios\\doe-services\\__tests__\\parse.js": {"path":"C:\\Users\\SirWe\\Repositorios\\doe-services\\__tests__\\parse.js","statementMap":{"0":{"start":{"line":1,"column":0},"end":{"line":1,"column":28}}},"fnMap":{},"branchMap":{},"s":{"0":1},"f":{},"b":{},"_coverageSchema":"332fd63041d2c1bcb487cc26dd0d5f7d97098a6c","hash":"deed8c928868ce595ce1a92cc671794eee3bcdde"}
,"C:\\Users\\SirWe\\Repositorios\\doe-services\\bin\\server.js": {"path":"C:\\Users\\SirWe\\Repositorios\\doe-services\\bin\\server.js","statementMap":{"0":{"start":{"line":1,"column":12},"end":{"line":1,"column":33}},"1":{"start":{"line":2,"column":14},"end":{"line":2,"column":53}},"2":{"start":{"line":3,"column":13},"end":{"line":3,"column":28}},"3":{"start":{"line":5,"column":13},"end":{"line":5,"column":54}},"4":{"start":{"line":6,"column":0},"end":{"line":6,"column":22}},"5":{"start":{"line":8,"column":15},"end":{"line":8,"column":37}},"6":{"start":{"line":10,"column":0},"end":{"line":10,"column":20}},"7":{"start":{"line":11,"column":0},"end":{"line":11,"column":28}},"8":{"start":{"line":12,"column":0},"end":{"line":12,"column":36}},"9":{"start":{"line":13,"column":0},"end":{"line":13,"column":44}},"10":{"start":{"line":16,"column":17},"end":{"line":16,"column":34}},"11":{"start":{"line":18,"column":4},"end":{"line":20,"column":5}},"12":{"start":{"line":19,"column":8},"end":{"line":19,"column":19}},"13":{"start":{"line":22,"column":4},"end":{"line":24,"column":5}},"14":{"start":{"line":23,"column":8},"end":{"line":23,"column":20}},"15":{"start":{"line":26,"column":4},"end":{"line":26,"column":17}},"16":{"start":{"line":30,"column":4},"end":{"line":32,"column":5}},"17":{"start":{"line":31,"column":8},"end":{"line":31,"column":20}},"18":{"start":{"line":34,"column":17},"end":{"line":36,"column":21}},"19":{"start":{"line":38,"column":0},"end":{"line":49,"column":5}},"20":{"start":{"line":40,"column":8},"end":{"line":40,"column":62}},"21":{"start":{"line":41,"column":8},"end":{"line":41,"column":24}},"22":{"start":{"line":42,"column":8},"end":{"line":42,"column":14}},"23":{"start":{"line":44,"column":8},"end":{"line":44,"column":50}},"24":{"start":{"line":45,"column":8},"end":{"line":45,"column":24}},"25":{"start":{"line":46,"column":8},"end":{"line":46,"column":14}},"26":{"start":{"line":48,"column":8},"end":{"line":48,"column":20}},"27":{"start":{"line":53,"column":17},"end":{"line":53,"column":33}},"28":{"start":{"line":54,"column":17},"end":{"line":56,"column":29}},"29":{"start":{"line":57,"column":4},"end":{"line":57,"column":34}},"30":{"start":{"line":60,"column":0},"end":{"line":60,"column":24}}},"fnMap":{"0":{"name":"normalizePort","decl":{"start":{"line":15,"column":9},"end":{"line":15,"column":22}},"loc":{"start":{"line":15,"column":28},"end":{"line":27,"column":1}},"line":15},"1":{"name":"onerror","decl":{"start":{"line":29,"column":9},"end":{"line":29,"column":16}},"loc":{"start":{"line":29,"column":24},"end":{"line":50,"column":1}},"line":29},"2":{"name":"onListening","decl":{"start":{"line":52,"column":9},"end":{"line":52,"column":20}},"loc":{"start":{"line":52,"column":23},"end":{"line":58,"column":1}},"line":52}},"branchMap":{"0":{"loc":{"start":{"line":5,"column":27},"end":{"line":5,"column":53}},"type":"binary-expr","locations":[{"start":{"line":5,"column":27},"end":{"line":5,"column":43}},{"start":{"line":5,"column":47},"end":{"line":5,"column":53}}],"line":5},"1":{"loc":{"start":{"line":18,"column":4},"end":{"line":20,"column":5}},"type":"if","locations":[{"start":{"line":18,"column":4},"end":{"line":20,"column":5}},{"start":{"line":18,"column":4},"end":{"line":20,"column":5}}],"line":18},"2":{"loc":{"start":{"line":22,"column":4},"end":{"line":24,"column":5}},"type":"if","locations":[{"start":{"line":22,"column":4},"end":{"line":24,"column":5}},{"start":{"line":22,"column":4},"end":{"line":24,"column":5}}],"line":22},"3":{"loc":{"start":{"line":30,"column":4},"end":{"line":32,"column":5}},"type":"if","locations":[{"start":{"line":30,"column":4},"end":{"line":32,"column":5}},{"start":{"line":30,"column":4},"end":{"line":32,"column":5}}],"line":30},"4":{"loc":{"start":{"line":34,"column":17},"end":{"line":36,"column":21}},"type":"cond-expr","locations":[{"start":{"line":35,"column":8},"end":{"line":35,"column":21}},{"start":{"line":36,"column":8},"end":{"line":36,"column":21}}],"line":34},"5":{"loc":{"start":{"line":38,"column":0},"end":{"line":49,"column":5}},"type":"switch","locations":[{"start":{"line":39,"column":4},"end":{"line":42,"column":14}},{"start":{"line":43,"column":4},"end":{"line":46,"column":14}},{"start":{"line":47,"column":4},"end":{"line":48,"column":20}}],"line":38},"6":{"loc":{"start":{"line":54,"column":17},"end":{"line":56,"column":29}},"type":"cond-expr","locations":[{"start":{"line":55,"column":10},"end":{"line":55,"column":24}},{"start":{"line":56,"column":10},"end":{"line":56,"column":29}}],"line":54}},"s":{"0":1,"1":1,"2":1,"3":1,"4":1,"5":1,"6":1,"7":1,"8":1,"9":1,"10":1,"11":1,"12":0,"13":1,"14":1,"15":0,"16":0,"17":0,"18":0,"19":0,"20":0,"21":0,"22":0,"23":0,"24":0,"25":0,"26":0,"27":1,"28":1,"29":1,"30":1},"f":{"0":1,"1":0,"2":1},"b":{"0":[1,1],"1":[0,1],"2":[1,0],"3":[0,0],"4":[0,0],"5":[0,0,0],"6":[0,1]},"_coverageSchema":"332fd63041d2c1bcb487cc26dd0d5f7d97098a6c","hash":"5779be87196aea1bfc791927330edcb7075182aa"}
,"C:\\Users\\SirWe\\Repositorios\\doe-services\\src\\app.js": {"path":"C:\\Users\\SirWe\\Repositorios\\doe-services\\src\\app.js","statementMap":{"0":{"start":{"line":2,"column":16},"end":{"line":2,"column":34}},"1":{"start":{"line":3,"column":19},"end":{"line":3,"column":41}},"2":{"start":{"line":4,"column":17},"end":{"line":4,"column":36}},"3":{"start":{"line":6,"column":12},"end":{"line":6,"column":21}},"4":{"start":{"line":7,"column":15},"end":{"line":7,"column":31}},"5":{"start":{"line":8,"column":18},"end":{"line":8,"column":47}},"6":{"start":{"line":12,"column":0},"end":{"line":14,"column":3}},"7":{"start":{"line":17,"column":0},"end":{"line":17,"column":27}},"8":{"start":{"line":18,"column":0},"end":{"line":20,"column":4}},"9":{"start":{"line":21,"column":0},"end":{"line":21,"column":33}},"10":{"start":{"line":23,"column":0},"end":{"line":23,"column":21}}},"fnMap":{},"branchMap":{},"s":{"0":1,"1":1,"2":1,"3":1,"4":1,"5":1,"6":1,"7":1,"8":1,"9":1,"10":1},"f":{},"b":{},"_coverageSchema":"332fd63041d2c1bcb487cc26dd0d5f7d97098a6c","hash":"792134065aba0b4232e37c6edabc83a4852938f8"}
,"C:\\Users\\SirWe\\Repositorios\\doe-services\\src\\donations\\controller.js": {"path":"C:\\Users\\SirWe\\Repositorios\\doe-services\\src\\donations\\controller.js","statementMap":{"0":{"start":{"line":1,"column":19},"end":{"line":1,"column":42}},"1":{"start":{"line":2,"column":27},"end":{"line":2,"column":50}},"2":{"start":{"line":3,"column":0},"end":{"line":12,"column":2}},"3":{"start":{"line":4,"column":4},"end":{"line":11,"column":5}},"4":{"start":{"line":5,"column":19},"end":{"line":5,"column":41}},"5":{"start":{"line":6,"column":8},"end":{"line":6,"column":35}},"6":{"start":{"line":8,"column":8},"end":{"line":10,"column":10}},"7":{"start":{"line":14,"column":0},"end":{"line":23,"column":1}},"8":{"start":{"line":15,"column":4},"end":{"line":22,"column":5}},"9":{"start":{"line":16,"column":19},"end":{"line":16,"column":62}},"10":{"start":{"line":17,"column":8},"end":{"line":17,"column":35}},"11":{"start":{"line":19,"column":8},"end":{"line":21,"column":11}},"12":{"start":{"line":25,"column":0},"end":{"line":34,"column":2}},"13":{"start":{"line":26,"column":4},"end":{"line":33,"column":6}},"14":{"start":{"line":27,"column":20},"end":{"line":27,"column":59}},"15":{"start":{"line":28,"column":9},"end":{"line":28,"column":36}},"16":{"start":{"line":30,"column":9},"end":{"line":32,"column":12}},"17":{"start":{"line":36,"column":1},"end":{"line":45,"column":2}},"18":{"start":{"line":37,"column":4},"end":{"line":44,"column":5}},"19":{"start":{"line":38,"column":19},"end":{"line":38,"column":59}},"20":{"start":{"line":39,"column":8},"end":{"line":39,"column":35}},"21":{"start":{"line":41,"column":8},"end":{"line":43,"column":11}},"22":{"start":{"line":47,"column":0},"end":{"line":70,"column":2}},"23":{"start":{"line":48,"column":19},"end":{"line":48,"column":43}},"24":{"start":{"line":49,"column":4},"end":{"line":49,"column":26}},"25":{"start":{"line":50,"column":4},"end":{"line":50,"column":90}},"26":{"start":{"line":51,"column":4},"end":{"line":51,"column":87}},"27":{"start":{"line":52,"column":4},"end":{"line":52,"column":101}},"28":{"start":{"line":55,"column":4},"end":{"line":58,"column":5}},"29":{"start":{"line":56,"column":8},"end":{"line":56,"column":54}},"30":{"start":{"line":57,"column":8},"end":{"line":57,"column":15}},"31":{"start":{"line":60,"column":4},"end":{"line":69,"column":5}},"32":{"start":{"line":61,"column":8},"end":{"line":61,"column":42}},"33":{"start":{"line":62,"column":8},"end":{"line":64,"column":7}},"34":{"start":{"line":66,"column":8},"end":{"line":68,"column":10}},"35":{"start":{"line":72,"column":0},"end":{"line":83,"column":2}},"36":{"start":{"line":73,"column":4},"end":{"line":82,"column":5}},"37":{"start":{"line":74,"column":8},"end":{"line":74,"column":57}},"38":{"start":{"line":75,"column":8},"end":{"line":77,"column":7}},"39":{"start":{"line":79,"column":8},"end":{"line":81,"column":10}},"40":{"start":{"line":85,"column":0},"end":{"line":96,"column":2}},"41":{"start":{"line":86,"column":4},"end":{"line":95,"column":5}},"42":{"start":{"line":87,"column":8},"end":{"line":87,"column":57}},"43":{"start":{"line":88,"column":8},"end":{"line":90,"column":7}},"44":{"start":{"line":92,"column":8},"end":{"line":94,"column":10}}},"fnMap":{"0":{"name":"(anonymous_0)","decl":{"start":{"line":3,"column":14},"end":{"line":3,"column":15}},"loc":{"start":{"line":3,"column":39},"end":{"line":12,"column":1}},"line":3},"1":{"name":"(anonymous_1)","decl":{"start":{"line":14,"column":20},"end":{"line":14,"column":21}},"loc":{"start":{"line":14,"column":45},"end":{"line":23,"column":1}},"line":14},"2":{"name":"(anonymous_2)","decl":{"start":{"line":25,"column":18},"end":{"line":25,"column":19}},"loc":{"start":{"line":25,"column":43},"end":{"line":34,"column":2}},"line":25},"3":{"name":"(anonymous_3)","decl":{"start":{"line":36,"column":20},"end":{"line":36,"column":21}},"loc":{"start":{"line":36,"column":45},"end":{"line":45,"column":1}},"line":36},"4":{"name":"(anonymous_4)","decl":{"start":{"line":47,"column":15},"end":{"line":47,"column":16}},"loc":{"start":{"line":47,"column":40},"end":{"line":70,"column":1}},"line":47},"5":{"name":"(anonymous_5)","decl":{"start":{"line":72,"column":14},"end":{"line":72,"column":15}},"loc":{"start":{"line":72,"column":39},"end":{"line":83,"column":1}},"line":72},"6":{"name":"(anonymous_6)","decl":{"start":{"line":85,"column":17},"end":{"line":85,"column":18}},"loc":{"start":{"line":85,"column":42},"end":{"line":96,"column":1}},"line":85}},"branchMap":{"0":{"loc":{"start":{"line":55,"column":4},"end":{"line":58,"column":5}},"type":"if","locations":[{"start":{"line":55,"column":4},"end":{"line":58,"column":5}},{"start":{"line":55,"column":4},"end":{"line":58,"column":5}}],"line":55}},"s":{"0":1,"1":1,"2":1,"3":0,"4":0,"5":0,"6":0,"7":1,"8":0,"9":0,"10":0,"11":0,"12":1,"13":0,"14":0,"15":0,"16":0,"17":1,"18":0,"19":0,"20":0,"21":0,"22":1,"23":1,"24":1,"25":1,"26":1,"27":1,"28":1,"29":0,"30":0,"31":1,"32":1,"33":1,"34":0,"35":1,"36":0,"37":0,"38":0,"39":0,"40":1,"41":0,"42":0,"43":0,"44":0},"f":{"0":0,"1":0,"2":0,"3":0,"4":1,"5":0,"6":0},"b":{"0":[0,1]},"_coverageSchema":"332fd63041d2c1bcb487cc26dd0d5f7d97098a6c","hash":"65497e469849c5a6bca03d0b4c6cff019a0ad2ab"}
,"C:\\Users\\SirWe\\Repositorios\\doe-services\\src\\donations\\model.js": {"path":"C:\\Users\\SirWe\\Repositorios\\doe-services\\src\\donations\\model.js","statementMap":{"0":{"start":{"line":1,"column":17},"end":{"line":1,"column":36}},"1":{"start":{"line":2,"column":15},"end":{"line":2,"column":30}},"2":{"start":{"line":4,"column":15},"end":{"line":34,"column":2}},"3":{"start":{"line":36,"column":0},"end":{"line":36,"column":52}}},"fnMap":{},"branchMap":{},"s":{"0":1,"1":1,"2":1,"3":1},"f":{},"b":{},"_coverageSchema":"332fd63041d2c1bcb487cc26dd0d5f7d97098a6c","hash":"68d3f66e4bf7dc2d5e23df4b2d0846bdb910ef94"}
,"C:\\Users\\SirWe\\Repositorios\\doe-services\\src\\donations\\reporitory.js": {"path":"C:\\Users\\SirWe\\Repositorios\\doe-services\\src\\donations\\reporitory.js","statementMap":{"0":{"start":{"line":1,"column":17},"end":{"line":1,"column":36}},"1":{"start":{"line":2,"column":17},"end":{"line":2,"column":35}},"2":{"start":{"line":4,"column":0},"end":{"line":9,"column":2}},"3":{"start":{"line":5,"column":16},"end":{"line":7,"column":27}},"4":{"start":{"line":8,"column":4},"end":{"line":8,"column":15}},"5":{"start":{"line":11,"column":0},"end":{"line":18,"column":2}},"6":{"start":{"line":12,"column":16},"end":{"line":16,"column":44}},"7":{"start":{"line":17,"column":4},"end":{"line":17,"column":15}},"8":{"start":{"line":20,"column":0},"end":{"line":24,"column":2}},"9":{"start":{"line":21,"column":16},"end":{"line":22,"column":17}},"10":{"start":{"line":23,"column":4},"end":{"line":23,"column":15}},"11":{"start":{"line":26,"column":0},"end":{"line":32,"column":2}},"12":{"start":{"line":27,"column":16},"end":{"line":30,"column":44}},"13":{"start":{"line":31,"column":4},"end":{"line":31,"column":15}},"14":{"start":{"line":34,"column":0},"end":{"line":37,"column":2}},"15":{"start":{"line":35,"column":19},"end":{"line":35,"column":37}},"16":{"start":{"line":36,"column":4},"end":{"line":36,"column":26}},"17":{"start":{"line":39,"column":0},"end":{"line":49,"column":2}},"18":{"start":{"line":40,"column":4},"end":{"line":48,"column":10}},"19":{"start":{"line":51,"column":0},"end":{"line":54,"column":2}},"20":{"start":{"line":52,"column":4},"end":{"line":53,"column":31}}},"fnMap":{"0":{"name":"(anonymous_0)","decl":{"start":{"line":4,"column":14},"end":{"line":4,"column":15}},"loc":{"start":{"line":4,"column":26},"end":{"line":9,"column":1}},"line":4},"1":{"name":"(anonymous_1)","decl":{"start":{"line":11,"column":20},"end":{"line":11,"column":21}},"loc":{"start":{"line":11,"column":35},"end":{"line":18,"column":1}},"line":11},"2":{"name":"(anonymous_2)","decl":{"start":{"line":20,"column":18},"end":{"line":20,"column":19}},"loc":{"start":{"line":20,"column":31},"end":{"line":24,"column":1}},"line":20},"3":{"name":"(anonymous_3)","decl":{"start":{"line":26,"column":19},"end":{"line":26,"column":20}},"loc":{"start":{"line":26,"column":33},"end":{"line":32,"column":1}},"line":26},"4":{"name":"(anonymous_4)","decl":{"start":{"line":34,"column":17},"end":{"line":34,"column":18}},"loc":{"start":{"line":34,"column":32},"end":{"line":37,"column":1}},"line":34},"5":{"name":"(anonymous_5)","decl":{"start":{"line":39,"column":17},"end":{"line":39,"column":18}},"loc":{"start":{"line":39,"column":36},"end":{"line":49,"column":1}},"line":39},"6":{"name":"(anonymous_6)","decl":{"start":{"line":51,"column":17},"end":{"line":51,"column":18}},"loc":{"start":{"line":51,"column":30},"end":{"line":54,"column":1}},"line":51}},"branchMap":{},"s":{"0":1,"1":1,"2":1,"3":0,"4":0,"5":1,"6":0,"7":0,"8":1,"9":0,"10":0,"11":1,"12":0,"13":0,"14":1,"15":1,"16":1,"17":1,"18":0,"19":1,"20":0},"f":{"0":0,"1":0,"2":0,"3":0,"4":1,"5":0,"6":0},"b":{},"_coverageSchema":"332fd63041d2c1bcb487cc26dd0d5f7d97098a6c","hash":"fe70d74dfaaf95af1b6ac9acb825656ebc791303"}
,"C:\\Users\\SirWe\\Repositorios\\doe-services\\src\\donations\\routes.js": {"path":"C:\\Users\\SirWe\\Repositorios\\doe-services\\src\\donations\\routes.js","statementMap":{"0":{"start":{"line":1,"column":16},"end":{"line":1,"column":34}},"1":{"start":{"line":2,"column":15},"end":{"line":2,"column":31}},"2":{"start":{"line":3,"column":19},"end":{"line":3,"column":53}},"3":{"start":{"line":5,"column":0},"end":{"line":5,"column":32}},"4":{"start":{"line":6,"column":0},"end":{"line":6,"column":43}},"5":{"start":{"line":7,"column":0},"end":{"line":7,"column":45}},"6":{"start":{"line":8,"column":0},"end":{"line":8,"column":46}},"7":{"start":{"line":9,"column":0},"end":{"line":9,"column":34}},"8":{"start":{"line":10,"column":0},"end":{"line":10,"column":35}},"9":{"start":{"line":11,"column":0},"end":{"line":11,"column":41}},"10":{"start":{"line":13,"column":0},"end":{"line":13,"column":24}}},"fnMap":{},"branchMap":{},"s":{"0":1,"1":1,"2":1,"3":1,"4":1,"5":1,"6":1,"7":1,"8":1,"9":1,"10":1},"f":{},"b":{},"_coverageSchema":"332fd63041d2c1bcb487cc26dd0d5f7d97098a6c","hash":"00d3ab16b39f9f1385478ce00de6fa18c265b22d"}
,"C:\\Users\\SirWe\\Repositorios\\doe-services\\src\\donations\\validators.js": {"path":"C:\\Users\\SirWe\\Repositorios\\doe-services\\src\\donations\\validators.js","statementMap":{"0":{"start":{"line":1,"column":13},"end":{"line":1,"column":15}},"1":{"start":{"line":4,"column":4},"end":{"line":4,"column":16}},"2":{"start":{"line":7,"column":0},"end":{"line":10,"column":1}},"3":{"start":{"line":8,"column":4},"end":{"line":9,"column":42}},"4":{"start":{"line":9,"column":8},"end":{"line":9,"column":42}},"5":{"start":{"line":12,"column":0},"end":{"line":15,"column":1}},"6":{"start":{"line":13,"column":4},"end":{"line":14,"column":42}},"7":{"start":{"line":14,"column":8},"end":{"line":14,"column":42}},"8":{"start":{"line":17,"column":0},"end":{"line":20,"column":1}},"9":{"start":{"line":18,"column":4},"end":{"line":19,"column":42}},"10":{"start":{"line":19,"column":8},"end":{"line":19,"column":42}},"11":{"start":{"line":22,"column":0},"end":{"line":25,"column":1}},"12":{"start":{"line":23,"column":4},"end":{"line":24,"column":42}},"13":{"start":{"line":24,"column":8},"end":{"line":24,"column":42}},"14":{"start":{"line":27,"column":0},"end":{"line":31,"column":1}},"15":{"start":{"line":28,"column":14},"end":{"line":28,"column":74}},"16":{"start":{"line":29,"column":4},"end":{"line":30,"column":42}},"17":{"start":{"line":30,"column":8},"end":{"line":30,"column":42}},"18":{"start":{"line":33,"column":0},"end":{"line":35,"column":1}},"19":{"start":{"line":34,"column":4},"end":{"line":34,"column":18}},"20":{"start":{"line":37,"column":0},"end":{"line":39,"column":1}},"21":{"start":{"line":38,"column":4},"end":{"line":38,"column":16}},"22":{"start":{"line":41,"column":0},"end":{"line":43,"column":1}},"23":{"start":{"line":42,"column":4},"end":{"line":42,"column":30}},"24":{"start":{"line":45,"column":0},"end":{"line":45,"column":36}}},"fnMap":{"0":{"name":"ValidationContract","decl":{"start":{"line":3,"column":9},"end":{"line":3,"column":27}},"loc":{"start":{"line":3,"column":30},"end":{"line":5,"column":1}},"line":3},"1":{"name":"(anonymous_1)","decl":{"start":{"line":7,"column":42},"end":{"line":7,"column":43}},"loc":{"start":{"line":7,"column":62},"end":{"line":10,"column":1}},"line":7},"2":{"name":"(anonymous_2)","decl":{"start":{"line":12,"column":41},"end":{"line":12,"column":42}},"loc":{"start":{"line":12,"column":66},"end":{"line":15,"column":1}},"line":12},"3":{"name":"(anonymous_3)","decl":{"start":{"line":17,"column":41},"end":{"line":17,"column":42}},"loc":{"start":{"line":17,"column":66},"end":{"line":20,"column":1}},"line":17},"4":{"name":"(anonymous_4)","decl":{"start":{"line":22,"column":42},"end":{"line":22,"column":43}},"loc":{"start":{"line":22,"column":67},"end":{"line":25,"column":1}},"line":22},"5":{"name":"(anonymous_5)","decl":{"start":{"line":27,"column":39},"end":{"line":27,"column":40}},"loc":{"start":{"line":27,"column":59},"end":{"line":31,"column":1}},"line":27},"6":{"name":"(anonymous_6)","decl":{"start":{"line":33,"column":38},"end":{"line":33,"column":39}},"loc":{"start":{"line":33,"column":44},"end":{"line":35,"column":1}},"line":33},"7":{"name":"(anonymous_7)","decl":{"start":{"line":37,"column":37},"end":{"line":37,"column":38}},"loc":{"start":{"line":37,"column":43},"end":{"line":39,"column":1}},"line":37},"8":{"name":"(anonymous_8)","decl":{"start":{"line":41,"column":39},"end":{"line":41,"column":40}},"loc":{"start":{"line":41,"column":45},"end":{"line":43,"column":1}},"line":41}},"branchMap":{"0":{"loc":{"start":{"line":8,"column":4},"end":{"line":9,"column":42}},"type":"if","locations":[{"start":{"line":8,"column":4},"end":{"line":9,"column":42}},{"start":{"line":8,"column":4},"end":{"line":9,"column":42}}],"line":8},"1":{"loc":{"start":{"line":8,"column":8},"end":{"line":8,"column":35}},"type":"binary-expr","locations":[{"start":{"line":8,"column":8},"end":{"line":8,"column":14}},{"start":{"line":8,"column":18},"end":{"line":8,"column":35}}],"line":8},"2":{"loc":{"start":{"line":13,"column":4},"end":{"line":14,"column":42}},"type":"if","locations":[{"start":{"line":13,"column":4},"end":{"line":14,"column":42}},{"start":{"line":13,"column":4},"end":{"line":14,"column":42}}],"line":13},"3":{"loc":{"start":{"line":13,"column":8},"end":{"line":13,"column":36}},"type":"binary-expr","locations":[{"start":{"line":13,"column":8},"end":{"line":13,"column":14}},{"start":{"line":13,"column":18},"end":{"line":13,"column":36}}],"line":13},"4":{"loc":{"start":{"line":18,"column":4},"end":{"line":19,"column":42}},"type":"if","locations":[{"start":{"line":18,"column":4},"end":{"line":19,"column":42}},{"start":{"line":18,"column":4},"end":{"line":19,"column":42}}],"line":18},"5":{"loc":{"start":{"line":18,"column":8},"end":{"line":18,"column":36}},"type":"binary-expr","locations":[{"start":{"line":18,"column":8},"end":{"line":18,"column":14}},{"start":{"line":18,"column":18},"end":{"line":18,"column":36}}],"line":18},"6":{"loc":{"start":{"line":23,"column":4},"end":{"line":24,"column":42}},"type":"if","locations":[{"start":{"line":23,"column":4},"end":{"line":24,"column":42}},{"start":{"line":23,"column":4},"end":{"line":24,"column":42}}],"line":23},"7":{"loc":{"start":{"line":29,"column":4},"end":{"line":30,"column":42}},"type":"if","locations":[{"start":{"line":29,"column":4},"end":{"line":30,"column":42}},{"start":{"line":29,"column":4},"end":{"line":30,"column":42}}],"line":29}},"s":{"0":1,"1":1,"2":1,"3":0,"4":0,"5":1,"6":3,"7":0,"8":1,"9":0,"10":0,"11":1,"12":0,"13":0,"14":1,"15":0,"16":0,"17":0,"18":1,"19":0,"20":1,"21":0,"22":1,"23":1,"24":1},"f":{"0":1,"1":0,"2":3,"3":0,"4":0,"5":0,"6":0,"7":0,"8":1},"b":{"0":[0,0],"1":[0,0],"2":[0,3],"3":[3,3],"4":[0,0],"5":[0,0],"6":[0,0],"7":[0,0]},"_coverageSchema":"332fd63041d2c1bcb487cc26dd0d5f7d97098a6c","hash":"143b775ff5ae635ce5ba881246e2dd4d2ea80c5b"}
}
