TN:
SF:C:\Users\SirWe\Repositorios\doe-services\__tests__\parse.js
FNF:0
FNH:0
DA:1,1
LF:1
LH:1
BRF:0
BRH:0
end_of_record
TN:
SF:C:\Users\SirWe\Repositorios\doe-services\bin\server.js
FN:15,normalizePort
FN:29,onerror
FN:52,onListening
FNF:3
FNH:2
FNDA:1,normalizePort
FNDA:0,onerror
FNDA:1,onListening
DA:1,1
DA:2,1
DA:3,1
DA:5,1
DA:6,1
DA:8,1
DA:10,1
DA:11,1
DA:12,1
DA:13,1
DA:16,1
DA:18,1
DA:19,0
DA:22,1
DA:23,1
DA:26,0
DA:30,0
DA:31,0
DA:34,0
DA:38,0
DA:40,0
DA:41,0
DA:42,0
DA:44,0
DA:45,0
DA:46,0
DA:48,0
DA:53,1
DA:54,1
DA:57,1
DA:60,1
LF:31
LH:18
BRDA:5,0,0,1
BRDA:5,0,1,1
BRDA:18,1,0,0
BRDA:18,1,1,1
BRDA:22,2,0,1
BRDA:22,2,1,0
BRDA:30,3,0,0
BRDA:30,3,1,0
BRDA:34,4,0,0
BRDA:34,4,1,0
BRDA:38,5,0,0
BRDA:38,5,1,0
BRDA:38,5,2,0
BRDA:54,6,0,0
BRDA:54,6,1,1
BRF:15
BRH:5
end_of_record
TN:
SF:C:\Users\SirWe\Repositorios\doe-services\src\app.js
FNF:0
FNH:0
DA:2,1
DA:3,1
DA:4,1
DA:6,1
DA:7,1
DA:8,1
DA:12,1
DA:17,1
DA:18,1
DA:21,1
DA:23,1
LF:11
LH:11
BRF:0
BRH:0
end_of_record
TN:
SF:C:\Users\SirWe\Repositorios\doe-services\src\donations\controller.js
FN:3,(anonymous_0)
FN:14,(anonymous_1)
FN:25,(anonymous_2)
FN:36,(anonymous_3)
FN:47,(anonymous_4)
FN:72,(anonymous_5)
FN:85,(anonymous_6)
FNF:7
FNH:1
FNDA:0,(anonymous_0)
FNDA:0,(anonymous_1)
FNDA:0,(anonymous_2)
FNDA:0,(anonymous_3)
FNDA:1,(anonymous_4)
FNDA:0,(anonymous_5)
FNDA:0,(anonymous_6)
DA:1,1
DA:2,1
DA:3,1
DA:4,0
DA:5,0
DA:6,0
DA:8,0
DA:14,1
DA:15,0
DA:16,0
DA:17,0
DA:19,0
DA:25,1
DA:26,0
DA:27,0
DA:28,0
DA:30,0
DA:36,1
DA:37,0
DA:38,0
DA:39,0
DA:41,0
DA:47,1
DA:48,1
DA:49,1
DA:50,1
DA:51,1
DA:52,1
DA:55,1
DA:56,0
DA:57,0
DA:60,1
DA:61,1
DA:62,1
DA:66,0
DA:72,1
DA:73,0
DA:74,0
DA:75,0
DA:79,0
DA:85,1
DA:86,0
DA:87,0
DA:88,0
DA:92,0
LF:45
LH:18
BRDA:55,0,0,0
BRDA:55,0,1,1
BRF:2
BRH:1
end_of_record
TN:
SF:C:\Users\SirWe\Repositorios\doe-services\src\donations\model.js
FNF:0
FNH:0
DA:1,1
DA:2,1
DA:4,1
DA:36,1
LF:4
LH:4
BRF:0
BRH:0
end_of_record
TN:
SF:C:\Users\SirWe\Repositorios\doe-services\src\donations\reporitory.js
FN:4,(anonymous_0)
FN:11,(anonymous_1)
FN:20,(anonymous_2)
FN:26,(anonymous_3)
FN:34,(anonymous_4)
FN:39,(anonymous_5)
FN:51,(anonymous_6)
FNF:7
FNH:1
FNDA:0,(anonymous_0)
FNDA:0,(anonymous_1)
FNDA:0,(anonymous_2)
FNDA:0,(anonymous_3)
FNDA:1,(anonymous_4)
FNDA:0,(anonymous_5)
FNDA:0,(anonymous_6)
DA:1,1
DA:2,1
DA:4,1
DA:5,0
DA:8,0
DA:11,1
DA:12,0
DA:17,0
DA:20,1
DA:21,0
DA:23,0
DA:26,1
DA:27,0
DA:31,0
DA:34,1
DA:35,1
DA:36,1
DA:39,1
DA:40,0
DA:51,1
DA:52,0
LF:21
LH:11
BRF:0
BRH:0
end_of_record
TN:
SF:C:\Users\SirWe\Repositorios\doe-services\src\donations\routes.js
FNF:0
FNH:0
DA:1,1
DA:2,1
DA:3,1
DA:5,1
DA:6,1
DA:7,1
DA:8,1
DA:9,1
DA:10,1
DA:11,1
DA:13,1
LF:11
LH:11
BRF:0
BRH:0
end_of_record
TN:
SF:C:\Users\SirWe\Repositorios\doe-services\src\donations\validators.js
FN:3,ValidationContract
FN:7,(anonymous_1)
FN:12,(anonymous_2)
FN:17,(anonymous_3)
FN:22,(anonymous_4)
FN:27,(anonymous_5)
FN:33,(anonymous_6)
FN:37,(anonymous_7)
FN:41,(anonymous_8)
FNF:9
FNH:3
FNDA:1,ValidationContract
FNDA:0,(anonymous_1)
FNDA:3,(anonymous_2)
FNDA:0,(anonymous_3)
FNDA:0,(anonymous_4)
FNDA:0,(anonymous_5)
FNDA:0,(anonymous_6)
FNDA:0,(anonymous_7)
FNDA:1,(anonymous_8)
DA:1,1
DA:4,1
DA:7,1
DA:8,0
DA:9,0
DA:12,1
DA:13,3
DA:14,0
DA:17,1
DA:18,0
DA:19,0
DA:22,1
DA:23,0
DA:24,0
DA:27,1
DA:28,0
DA:29,0
DA:30,0
DA:33,1
DA:34,0
DA:37,1
DA:38,0
DA:41,1
DA:42,1
DA:45,1
LF:25
LH:13
BRDA:8,0,0,0
BRDA:8,0,1,0
BRDA:8,1,0,0
BRDA:8,1,1,0
BRDA:13,2,0,0
BRDA:13,2,1,3
BRDA:13,3,0,3
BRDA:13,3,1,3
BRDA:18,4,0,0
BRDA:18,4,1,0
BRDA:18,5,0,0
BRDA:18,5,1,0
BRDA:23,6,0,0
BRDA:23,6,1,0
BRDA:29,7,0,0
BRDA:29,7,1,0
BRF:16
BRH:3
end_of_record
